<?xml version="1.0" encoding="UTF-8"?>
<testsuite name="com.example.JpaDemoMain.demo.JpaDemoMainApplicationTests" tests="1" skipped="0" failures="0" errors="0" timestamp="2023-08-06T16:58:17" hostname="NODE1986" time="1.229">
  <properties/>
  <testcase name="contextLoads()" classname="com.example.JpaDemoMain.demo.JpaDemoMainApplicationTests" time="1.229"/>
  <system-out><![CDATA[22:28:10.082 [Test worker] INFO org.springframework.test.context.support.AnnotationConfigContextLoaderUtils -- Could not detect default configuration classes for test class [com.example.JpaDemoMain.demo.JpaDemoMainApplicationTests]: JpaDemoMainApplicationTests does not declare any static, non-private, non-final, nested classes annotated with @Configuration.
22:28:10.282 [Test worker] INFO org.springframework.boot.test.context.SpringBootTestContextBootstrapper -- Found @SpringBootConfiguration com.example.JpaDemoMain.demo.JpaDemoMainApplication for test class com.example.JpaDemoMain.demo.JpaDemoMainApplicationTests

  .   ____          _            __ _ _
 /\\ / ___'_ __ _ _(_)_ __  __ _ \ \ \ \
( ( )\___ | '_ | '_| | '_ \/ _` | \ \ \ \
 \\/  ___)| |_)| | | | | || (_| |  ) ) ) )
  '  |____| .__|_| |_|_| |_\__, | / / / /
 =========|_|==============|___/=/_/_/_/
 :: Spring Boot ::                (v3.1.1)

2023-08-06T22:28:10.908+05:30  INFO 12156 --- [    Test worker] c.e.J.demo.JpaDemoMainApplicationTests   : Starting JpaDemoMainApplicationTests using Java 17.0.7 with PID 12156 (started by Jahanavi.Khattar in C:\Users\jahanavi.khattar\Downloads\Angular\API\demo)
2023-08-06T22:28:10.910+05:30  INFO 12156 --- [    Test worker] c.e.J.demo.JpaDemoMainApplicationTests   : No active profile set, falling back to 1 default profile: "default"
2023-08-06T22:28:12.180+05:30  INFO 12156 --- [    Test worker] .s.d.r.c.RepositoryConfigurationDelegate : Bootstrapping Spring Data JPA repositories in DEFAULT mode.
2023-08-06T22:28:12.291+05:30  INFO 12156 --- [    Test worker] .s.d.r.c.RepositoryConfigurationDelegate : Finished Spring Data repository scanning in 82 ms. Found 1 JPA repository interfaces.
2023-08-06T22:28:13.101+05:30  INFO 12156 --- [    Test worker] o.hibernate.jpa.internal.util.LogHelper  : HHH000204: Processing PersistenceUnitInfo [name: default]
2023-08-06T22:28:13.264+05:30  INFO 12156 --- [    Test worker] org.hibernate.Version                    : HHH000412: Hibernate ORM core version 6.2.5.Final
2023-08-06T22:28:13.271+05:30  INFO 12156 --- [    Test worker] org.hibernate.cfg.Environment            : HHH000406: Using bytecode reflection optimizer
2023-08-06T22:28:13.537+05:30  INFO 12156 --- [    Test worker] o.h.b.i.BytecodeProviderInitiator        : HHH000021: Bytecode provider name : bytebuddy
2023-08-06T22:28:13.831+05:30  INFO 12156 --- [    Test worker] o.s.o.j.p.SpringPersistenceUnitInfo      : No LoadTimeWeaver setup: ignoring JPA class transformer
2023-08-06T22:28:13.866+05:30  INFO 12156 --- [    Test worker] com.zaxxer.hikari.HikariDataSource       : HikariPool-1 - Starting...
2023-08-06T22:28:14.419+05:30  INFO 12156 --- [    Test worker] com.zaxxer.hikari.pool.HikariPool        : HikariPool-1 - Added connection com.mysql.cj.jdbc.ConnectionImpl@194b9783
2023-08-06T22:28:14.423+05:30  INFO 12156 --- [    Test worker] com.zaxxer.hikari.HikariDataSource       : HikariPool-1 - Start completed.
2023-08-06T22:28:15.105+05:30  INFO 12156 --- [    Test worker] o.h.b.i.BytecodeProviderInitiator        : HHH000021: Bytecode provider name : bytebuddy
2023-08-06T22:28:16.053+05:30  INFO 12156 --- [    Test worker] o.h.e.t.j.p.i.JtaPlatformInitiator       : HHH000490: Using JtaPlatform implementation: [org.hibernate.engine.transaction.jta.platform.internal.NoJtaPlatform]
2023-08-06T22:28:16.123+05:30  INFO 12156 --- [    Test worker] j.LocalContainerEntityManagerFactoryBean : Initialized JPA EntityManagerFactory for persistence unit 'default'
2023-08-06T22:28:16.768+05:30  WARN 12156 --- [    Test worker] JpaBaseConfiguration$JpaWebConfiguration : spring.jpa.open-in-view is enabled by default. Therefore, database queries may be performed during view rendering. Explicitly configure spring.jpa.open-in-view to disable this warning
2023-08-06T22:28:17.498+05:30  INFO 12156 --- [    Test worker] c.e.J.demo.JpaDemoMainApplicationTests   : Started JpaDemoMainApplicationTests in 6.925 seconds (process running for 9.242)
]]></system-out>
  <system-err><![CDATA[]]></system-err>
</testsuite>
